<?xml version="1.0" encoding="UTF-8"?>
<!-- Generated by org.testng.reporters.JUnitXMLReporter -->
<testsuite ignored="0" hostname="DESKTOP-REPLB3H" failures="0" tests="4" name="Test" time="36.081" errors="0" timestamp="2024-03-14T17:49:32 IST">
  <testcase classname="my.program" name="verifytitle" time="1.109"/>
  <testcase classname="my.program" name="verifytitle1" time="3.635"/>
  <testcase classname="my.program" name="verifytitle" time="2.907"/>
  <testcase classname="my.program" name="verifytitle" time="7.415"/>
</testsuite> <!-- Test -->
